Build started 3/11/2019 5:19:07 AM.
     1>Project "C:\Users\joao\Documents\Visual Studio 2012\Projects\rf2-VRDOF\Win32\InternalsPlugin.vcxproj" on node 2 (Build target(s)).
     1>ClCompile:
         C:\Program Files (x86)\Microsoft Visual Studio 11.0\VC\bin\x86_amd64\CL.exe /c /I..\include /Zi /nologo /W3 /WX- /Od /D WIN32 /D _DEBUG /D _WINDOWS /D _USRDLL /D INTERNALSPLUGIN_EXPORTS /D _CRT_SECURE_NO_DEPRECATE /D _VC80_UPGRADE=0x0600 /D _WINDLL /D _MBCS /Gm- /EHsc /RTC1 /MT /Zp4 /GS /fp:precise /Zc:wchar_t /Zc:forScope /Fo".\Debug/" /Fd".\Debug/vc110.pdb" /Gr /TP /errorReport:prompt ..\source\VRDOF.cpp
         VRDOF.cpp
       Link:
         C:\Program Files (x86)\Microsoft Visual Studio 11.0\VC\bin\x86_amd64\link.exe /ERRORREPORT:PROMPT /OUT:"C:\Users\joao\Documents\Visual Studio 2012\Projects\rf2-VRDOF\Win32\x64\Debug\SemaphoreDX11.dll" /INCREMENTAL /NOLOGO kernel32.lib user32.lib gdi32.lib winspool.lib comdlg32.lib advapi32.lib shell32.lib ole32.lib oleaut32.lib uuid.lib odbc32.lib odbccp32.lib /NODEFAULTLIB /MANIFEST:NO /DEBUG /PDB:".\Debug/InternalsPlugin.pdb" /TLBID:1 /DYNAMICBASE /NXCOMPAT /IMPLIB:".\Debug/InternalsPlugin.lib" /MACHINE:X64 /DLL .\Debug/VRDOF.obj
            Creating library .\Debug/InternalsPlugin.lib and object .\Debug/InternalsPlugin.exp
     1>VRDOF.obj : error LNK2001: unresolved external symbol _purecall
     1>VRDOF.obj : error LNK2019: unresolved external symbol "void * __cdecl operator new(unsigned __int64)" (??2@YAPEAX_K@Z) referenced in function CreatePluginObject
     1>VRDOF.obj : error LNK2019: unresolved external symbol "void __cdecl operator delete(void *)" (??3@YAXPEAX@Z) referenced in function "public: virtual void * __cdecl InternalsPlugin::`scalar deleting destructor'(unsigned int)" (??_GInternalsPlugin@@UEAAPEAXI@Z)
     1>VRDOF.obj : error LNK2019: unresolved external symbol atexit referenced in function "void __cdecl `dynamic initializer for 'public: static class std::_Generic_error_category std::_Error_objects<int>::_Generic_object''(void)" (??__E?_Generic_object@?$_Error_objects@H@std@@2V_Generic_error_category@2@A@@YAXXZ)
     1>VRDOF.obj : error LNK2019: unresolved external symbol __report_rangecheckfailure referenced in function "private: void __cdecl VRDOFPlugin::hexDump(char *,void *,int)" (?hexDump@VRDOFPlugin@@AEAAXPEADPEAXH@Z)
     1>VRDOF.obj : error LNK2019: unresolved external symbol "public: __cdecl std::_Lockit::_Lockit(int)" (??0_Lockit@std@@QEAA@H@Z) referenced in function "public: void __cdecl std::_Container_base12::_Orphan_all(void)" (?_Orphan_all@_Container_base12@std@@QEAAXXZ)
     1>VRDOF.obj : error LNK2019: unresolved external symbol "public: __cdecl std::_Lockit::~_Lockit(void)" (??1_Lockit@std@@QEAA@XZ) referenced in function "public: void __cdecl std::_Container_base12::_Orphan_all(void)" (?_Orphan_all@_Container_base12@std@@QEAAXXZ)
     1>VRDOF.obj : error LNK2019: unresolved external symbol memcpy referenced in function "private: void * __cdecl VRDOFPlugin::placeDetour(unsigned char *,unsigned char *,int)" (?placeDetour@VRDOFPlugin@@AEAAPEAXPEAE0H@Z)
     1>VRDOF.obj : error LNK2019: unresolved external symbol memset referenced in function "public: virtual void __cdecl VRDOFPlugin::EnterRealtime(void)" (?EnterRealtime@VRDOFPlugin@@UEAAXXZ)
     1>VRDOF.obj : error LNK2019: unresolved external symbol strlen referenced in function "public: static unsigned __int64 __cdecl std::char_traits<char>::length(char const *)" (?length@?$char_traits@D@std@@SA_KPEBD@Z)
     1>VRDOF.obj : error LNK2019: unresolved external symbol memmove referenced in function "public: static char * __cdecl std::char_traits<char>::move(char *,char const *,unsigned __int64)" (?move@?$char_traits@D@std@@SAPEADPEADPEBD_K@Z)
     1>VRDOF.obj : error LNK2019: unresolved external symbol CreateDXGIFactory1 referenced in function "private: void __cdecl VRDOFPlugin::CreateSearchSwapChain(struct ID3D11Device *,struct IDXGISwapChain * *,struct HWND__ *)" (?CreateSearchSwapChain@VRDOFPlugin@@AEAAXPEAUID3D11Device@@PEAPEAUIDXGISwapChain@@PEAUHWND__@@@Z)
     1>VRDOF.obj : error LNK2019: unresolved external symbol D3D11CreateDevice referenced in function "private: void __cdecl VRDOFPlugin::CreateSearchDevice(struct ID3D11Device * *,struct ID3D11DeviceContext * *)" (?CreateSearchDevice@VRDOFPlugin@@AEAAXPEAPEAUID3D11Device@@PEAPEAUID3D11DeviceContext@@@Z)
     1>VRDOF.obj : error LNK2019: unresolved external symbol fflush referenced in function "public: virtual void __cdecl VRDOFPlugin::EnterRealtime(void)" (?EnterRealtime@VRDOFPlugin@@UEAAXXZ)
     1>VRDOF.obj : error LNK2019: unresolved external symbol fopen referenced in function "private: void __cdecl VRDOFPlugin::WriteLog(char const * const)" (?WriteLog@VRDOFPlugin@@AEAAXQEBD@Z)
     1>VRDOF.obj : error LNK2019: unresolved external symbol fprintf referenced in function "public: virtual void __cdecl VRDOFPlugin::EnterRealtime(void)" (?EnterRealtime@VRDOFPlugin@@UEAAXXZ)
     1>VRDOF.obj : error LNK2019: unresolved external symbol sprintf referenced in function "public: virtual bool __cdecl VRDOFPlugin::WantsToDisplayMessage(struct MessageInfoV01 &)" (?WantsToDisplayMessage@VRDOFPlugin@@UEAA_NAEAUMessageInfoV01@@@Z)
     1>VRDOF.obj : error LNK2019: unresolved external symbol "void __cdecl std::_Debug_message(wchar_t const *,wchar_t const *,unsigned int)" (?_Debug_message@std@@YAXPEB_W0I@Z) referenced in function "void __cdecl std::_Debug_pointer<char>(char const *,wchar_t const *,unsigned int)" (??$_Debug_pointer@D@std@@YAXPEBDPEB_WI@Z)
     1>VRDOF.obj : error LNK2019: unresolved external symbol "void __cdecl std::_Xbad_alloc(void)" (?_Xbad_alloc@std@@YAXXZ) referenced in function "char * __cdecl std::_Allocate<char>(unsigned __int64,char *)" (??$_Allocate@D@std@@YAPEAD_KPEAD@Z)
     1>VRDOF.obj : error LNK2019: unresolved external symbol "void __cdecl std::_Xlength_error(char const *)" (?_Xlength_error@std@@YAXPEBD@Z) referenced in function "public: void __cdecl std::basic_string<char,struct std::char_traits<char>,class std::allocator<char> >::_Xlen(void)const " (?_Xlen@?$basic_string@DU?$char_traits@D@std@@V?$allocator@D@2@@std@@QEBAXXZ)
     1>VRDOF.obj : error LNK2019: unresolved external symbol "void __cdecl std::_Xout_of_range(char const *)" (?_Xout_of_range@std@@YAXPEBD@Z) referenced in function "public: void __cdecl std::basic_string<char,struct std::char_traits<char>,class std::allocator<char> >::_Xran(void)const " (?_Xran@?$basic_string@DU?$char_traits@D@std@@V?$allocator@D@2@@std@@QEBAXXZ)
     1>VRDOF.obj : error LNK2019: unresolved external symbol "char const * __cdecl std::_Syserror_map(int)" (?_Syserror_map@std@@YAPEBDH@Z) referenced in function "public: virtual class std::error_condition __cdecl std::_System_error_category::default_error_condition(int)const " (?default_error_condition@_System_error_category@std@@UEBA?AVerror_condition@2@H@Z)
     1>VRDOF.obj : error LNK2019: unresolved external symbol "char const * __cdecl std::_Winerror_map(int)" (?_Winerror_map@std@@YAPEBDH@Z) referenced in function "public: virtual class std::basic_string<char,struct std::char_traits<char>,class std::allocator<char> > __cdecl std::_System_error_category::message(int)const " (?message@_System_error_category@std@@UEBA?AV?$basic_string@DU?$char_traits@D@std@@V?$allocator@D@2@@2@H@Z)
     1>VRDOF.obj : error LNK2019: unresolved external symbol Disasm referenced in function "private: unsigned int const __cdecl VRDOFPlugin::DisasmLengthCheck(unsigned __int64,unsigned int)" (?DisasmLengthCheck@VRDOFPlugin@@AEAA?BI_KI@Z)
     1>VRDOF.obj : error LNK2019: unresolved external symbol __imp_VR_GetGenericInterface referenced in function "public: class vr::IVRCompositor * __cdecl vr::COpenVRContext::VRCompositor(void)" (?VRCompositor@COpenVRContext@vr@@QEAAPEAVIVRCompositor@2@XZ)
     1>VRDOF.obj : error LNK2019: unresolved external symbol __imp_VR_GetInitToken referenced in function "public: void __cdecl vr::COpenVRContext::CheckClear(void)" (?CheckClear@COpenVRContext@vr@@QEAAXXZ)
     1>VRDOF.obj : error LNK2019: unresolved external symbol _CxxThrowException referenced in function __catch$?_Copy@?$basic_string@DU?$char_traits@D@std@@V?$allocator@D@2@@std@@QEAAX_K0@Z$1
     1>VRDOF.obj : error LNK2019: unresolved external symbol _RTC_CheckStackVars referenced in function "public: virtual void __cdecl VRDOFPlugin::EnterRealtime(void)" (?EnterRealtime@VRDOFPlugin@@UEAAXXZ)
     1>VRDOF.obj : error LNK2001: unresolved external symbol _RTC_InitBase
     1>VRDOF.obj : error LNK2001: unresolved external symbol _RTC_Shutdown
     1>VRDOF.obj : error LNK2001: unresolved external symbol __C_specific_handler
     1>VRDOF.obj : error LNK2001: unresolved external symbol __CxxFrameHandler3
     1>VRDOF.obj : error LNK2001: unresolved external symbol __GSHandlerCheck
     1>VRDOF.obj : error LNK2001: unresolved external symbol __GSHandlerCheck_EH
     1>VRDOF.obj : error LNK2001: unresolved external symbol __GSHandlerCheck_SEH
     1>VRDOF.obj : error LNK2019: unresolved external symbol __chkstk referenced in function "enum vr::EVRCompositorError __cdecl hookedSubmit(enum vr::EVREye,struct vr::Texture_t const *,struct vr::VRTextureBounds_t const *,enum vr::EVRSubmitFlags)" (?hookedSubmit@@YA?AW4EVRCompositorError@vr@@W4EVREye@2@PEBUTexture_t@2@PEBUVRTextureBounds_t@2@W4EVRSubmitFlags@2@@Z)
     1>VRDOF.obj : error LNK2019: unresolved external symbol __security_check_cookie referenced in function "public: virtual void __cdecl VRDOFPlugin::EnterRealtime(void)" (?EnterRealtime@VRDOFPlugin@@UEAAXXZ)
     1>VRDOF.obj : error LNK2001: unresolved external symbol "const type_info::`vftable'" (??_7type_info@@6B@)
     1>VRDOF.obj : error LNK2019: unresolved external symbol __security_cookie referenced in function "public: virtual void __cdecl VRDOFPlugin::EnterRealtime(void)" (?EnterRealtime@VRDOFPlugin@@UEAAXXZ)
     1>VRDOF.obj : error LNK2001: unresolved external symbol _fltused
     1>LINK : error LNK2001: unresolved external symbol _DllMainCRTStartup
     1>C:\Users\joao\Documents\Visual Studio 2012\Projects\rf2-VRDOF\Win32\x64\Debug\SemaphoreDX11.dll : fatal error LNK1120: 41 unresolved externals
     1>Done Building Project "C:\Users\joao\Documents\Visual Studio 2012\Projects\rf2-VRDOF\Win32\InternalsPlugin.vcxproj" (Build target(s)) -- FAILED.

Build FAILED.

Time Elapsed 00:00:01.49
